<?xml version="1.0" encoding="UTF-8"?>
<!-- Generated by org.testng.reporters.JUnitReportReporter -->
<testsuite hostname="Siddhi-1702" failures="0" tests="1" name="testCases.Tc_001_RegisterAccount" time="3.671" errors="0" timestamp="2023-03-30T11:36:19 IST" skipped="0">
  <testcase classname="testCases.Tc_001_RegisterAccount" name="test_Account_Registration" time="3.671"/>
  <system-out/>
</testsuite> <!-- testCases.Tc_001_RegisterAccount -->
