<?xml version="1.0" encoding="UTF-8"?>
<!-- Generated by org.testng.reporters.JUnitReportReporter -->
<testsuite hostname="Siddhi-1702" failures="0" tests="1" name="testCases.TC_002_Login" time="1.040" errors="0" timestamp="2023-03-30T11:36:19 IST" skipped="0">
  <testcase classname="testCases.TC_002_Login" name="test_Login" time="1.040"/>
  <system-out/>
</testsuite> <!-- testCases.TC_002_Login -->
